============================= test session starts =============================
collecting ... collected 16 items

tests/test_authentication.py::test_valid_user_registration PASSED        [  6%]
tests/test_authentication.py::test_valid_login_with_correct_password PASSED [ 12%]
tests/test_authentication.py::test_sql_injection_bypass_authentication PASSED [ 18%]
tests/test_configuration.py::test_hardcoded_secret_key_in_configuration PASSED [ 25%]
tests/test_configuration.py::test_admin_password_is_insecure_default PASSED [ 31%]
tests/test_configuration.py::test_secure_compare_uses_constant_time PASSED [ 37%]
tests/test_cryptography.py::test_password_verification_works PASSED      [ 43%]
tests/test_cryptography.py::test_password_hash_is_cryptographically_weak PASSED [ 50%]
tests/test_cryptography.py::test_timing_attack_in_token_verification PASSED [ 56%]
tests/test_deserialization.py::test_json_serialization_roundtrip PASSED  [ 62%]
tests/test_deserialization.py::test_pickle_deserialization_arbitrary_code_execution PASSED [ 68%]
tests/test_file_handling.py::test_file_extension_validation PASSED       [ 75%]
tests/test_file_handling.py::test_valid_attachment_saved_and_read PASSED [ 81%]
tests/test_file_handling.py::test_path_traversal_reads_outside_directory PASSED [ 87%]
tests/test_injection.py::test_command_injection_via_hostname PASSED      [ 93%]
tests/test_injection.py::test_report_generation_with_safe_values PASSED  [100%]

============================= 16 passed in 2.24s ==============================
